0 info it worked if it ends with ok
1 verbose cli [ 'C:\\Program Files\\nodejs\\node.exe',
1 verbose cli   'C:\\Users\\daniel.coll\\AppData\\Roaming\\npm\\node_modules\\npm\\bin\\npm-cli.js',
1 verbose cli   'run',
1 verbose cli   'e2e',
1 verbose cli   '--',
1 verbose cli   '--runType',
1 verbose cli   'android25',
1 verbose cli   '--reuseDevice' ]
2 info using npm@4.0.5
3 info using node@v8.11.1
4 verbose run-script [ 'pree2e', 'e2e', 'poste2e' ]
5 info lifecycle @~pree2e: @
6 silly lifecycle @~pree2e: no script for pree2e, continuing
7 info lifecycle @~e2e: @
8 verbose lifecycle @~e2e: unsafe-perm in lifecycle true
9 verbose lifecycle @~e2e: PATH: C:\Users\daniel.coll\AppData\Roaming\npm\node_modules\npm\bin\node-gyp-bin;C:\Code\ng-nativescript-startkit\node_modules\.bin;C:\Users\daniel.coll\bin;C:\Program Files\Git\mingw64\bin;C:\Program Files\Git\usr\local\bin;C:\Program Files\Git\usr\bin;C:\Program Files\Git\usr\bin;C:\Program Files\Git\mingw64\bin;C:\Program Files\Git\usr\bin;C:\Users\daniel.coll\bin;C:\Program Files (x86)\Common Files\Oracle\Java\javapath;C:\Program Files\Microsoft MPI\Bin;C:\ProgramData\Oracle\Java\javapath;C:\WINDOWS\system32;C:\WINDOWS;C:\WINDOWS\System32\Wbem;C:\WINDOWS\System32\WindowsPowerShell\v1.0;C:\Users\daniel.coll\.dnx\bin;C:\Program Files\Microsoft DNX\Dnvm;C:\Program Files\Microsoft SQL Server\130\Tools\Binn;C:\Program Files\Microsoft SQL Server\120\Tools\Binn;C:\Program Files\Microsoft SQL Server\Client SDK\ODBC\110\Tools\Binn;C:\Program Files (x86)\Microsoft SQL Server\120\Tools\Binn;C:\Program Files\Microsoft SQL Server\120\DTS\Binn;C:\Program Files (x86)\Microsoft SQL Server\120\Tools\Binn\ManagementStudio;C:\Program Files (x86)\Microsoft SQL Server\120\DTS\Binn;C:\Program Files\Microsoft SQL Server\110\Tools\Binn;C:\Program Files\Git\cmd;C:\Program Files\Java\jdk1.8.0_111;C:\Program Files (x86)\Windows Kits\8.1\Windows Performance Toolkit;C:\Program Files\Intel\WiFi\bin;C:\Program Files\Common Files\Intel\WirelessCommon;C:\Program Files (x86)\Microsoft SQL Server\Client SDK\ODBC\130\Tools\Binn;C:\Program Files (x86)\Microsoft SQL Server\130\Tools\Binn;C:\Program Files (x86)\Microsoft SQL Server\130\DTS\Binn;C:\Program Files (x86)\Microsoft SQL Server\130\Tools\Binn\ManagementStudio;C:\Program Files\dotnet;C:\Program Files (x86)\GtkSharp\2.12\bin;C:\Program Files\Microsoft SQL Server\130\DTS\Binn;C:\Program Files\Microsoft SQL Server\Client SDK\ODBC\130\Tools\Binn;C:\Program Files\nodejs;C:\Program Files (x86)\Microsoft SQL Server\140\Tools\Binn;C:\Program Files\Microsoft SQL Server\140\Tools\Binn;C:\Program Files\Microsoft SQL Server\140\DTS\Binn;C:\WINDOWS\System32\OpenSSH;C:\ProgramData\chocolatey\bin;C:\Program Files\Java\jdk1.8.0_172\bin;C:\Android\android-sdk\tools;C:\Android\android-sdk\platform-tools;C:\Users\daniel.coll\AppData\Local\atom\bin;C:\Users\daniel.coll\AppData\Local\Microsoft\WindowsApps;C:\Program Files (x86)\Microsoft VS Code\bin;C:\Users\daniel.coll\AppData\Roaming\npm;C:\Program Files\Git\usr\bin\vendor_perl;C:\Program Files\Git\usr\bin\core_perl
10 verbose lifecycle @~e2e: CWD: C:\Code\ng-nativescript-startkit
11 silly lifecycle @~e2e: Args: [ '/d /s /c',
11 silly lifecycle   'tsc -p e2e && mocha --opts ./e2e/config/mocha.opts "--runType" "android25" "--reuseDevice"' ]
12 silly lifecycle @~e2e: Returned: code: 1  signal: null
13 info lifecycle @~e2e: Failed to exec e2e script
14 verbose stack Error: @ e2e: `tsc -p e2e && mocha --opts ./e2e/config/mocha.opts "--runType" "android25" "--reuseDevice"`
14 verbose stack Exit status 1
14 verbose stack     at EventEmitter.<anonymous> (C:\Users\daniel.coll\AppData\Roaming\npm\node_modules\npm\lib\utils\lifecycle.js:279:16)
14 verbose stack     at emitTwo (events.js:126:13)
14 verbose stack     at EventEmitter.emit (events.js:214:7)
14 verbose stack     at ChildProcess.<anonymous> (C:\Users\daniel.coll\AppData\Roaming\npm\node_modules\npm\lib\utils\spawn.js:40:14)
14 verbose stack     at emitTwo (events.js:126:13)
14 verbose stack     at ChildProcess.emit (events.js:214:7)
14 verbose stack     at maybeClose (internal/child_process.js:925:16)
14 verbose stack     at Process.ChildProcess._handle.onexit (internal/child_process.js:209:5)
15 verbose pkgid @
16 verbose cwd C:\Code\ng-nativescript-startkit
17 error Windows_NT 10.0.17134
18 error argv "C:\\Program Files\\nodejs\\node.exe" "C:\\Users\\daniel.coll\\AppData\\Roaming\\npm\\node_modules\\npm\\bin\\npm-cli.js" "run" "e2e" "--" "--runType" "android25" "--reuseDevice"
19 error node v8.11.1
20 error npm  v4.0.5
21 error code ELIFECYCLE
22 error @ e2e: `tsc -p e2e && mocha --opts ./e2e/config/mocha.opts "--runType" "android25" "--reuseDevice"`
22 error Exit status 1
23 error Failed at the @ e2e script 'tsc -p e2e && mocha --opts ./e2e/config/mocha.opts "--runType" "android25" "--reuseDevice"'.
23 error Make sure you have the latest version of node.js and npm installed.
23 error If you do, this is most likely a problem with the  package,
23 error not with npm itself.
23 error Tell the author that this fails on your system:
23 error     tsc -p e2e && mocha --opts ./e2e/config/mocha.opts "--runType" "android25" "--reuseDevice"
23 error You can get information on how to open an issue for this project with:
23 error     npm bugs
23 error Or if that isn't available, you can get their info via:
23 error     npm owner ls
23 error There is likely additional logging output above.
24 verbose exit [ 1, true ]
